{
  "0 debug pnpm:scope": {
    "selected": 1
  },
  "1 error pnpm": {
    "errno": 1,
    "code": "ELIFECYCLE",
    "pkgid": "@hashgraph/sdk@2.8.0-beta.1",
    "stage": "test:unit:node",
    "script": "nyc mocha -r @babel/register -r chai/register-expect \"test/unit/*.js\"",
    "pkgname": "@hashgraph/sdk",
    "err": {
      "name": "pnpm",
      "message": "@hashgraph/sdk@2.8.0-beta.1 test:unit:node: `nyc mocha -r @babel/register -r chai/register-expect \"test/unit/*.js\"`\nExit status 1",
      "code": "ELIFECYCLE",
      "stack": "pnpm: @hashgraph/sdk@2.8.0-beta.1 test:unit:node: `nyc mocha -r @babel/register -r chai/register-expect \"test/unit/*.js\"`\nExit status 1\n    at EventEmitter.<anonymous> (C:\\Users\\tewar\\AppData\\Roaming\\nvm\\v16.13.2\\node_modules\\pnpm\\dist\\pnpm.cjs:105378:20)\n    at EventEmitter.emit (node:events:390:28)\n    at ChildProcess.<anonymous> (C:\\Users\\tewar\\AppData\\Roaming\\nvm\\v16.13.2\\node_modules\\pnpm\\dist\\pnpm.cjs:91965:18)\n    at ChildProcess.emit (node:events:390:28)\n    at maybeClose (node:internal/child_process:1064:16)\n    at Process.ChildProcess._handle.onexit (node:internal/child_process:301:5)"
    }
  },
  "2 warn pnpm:global": " Local package.json exists, but node_modules missing, did you mean to install?"
}